[Error - 12:00:46 PM] Unhandled Rejection at promise: [object Promise], reason: TypeError: Cannot read properties of undefined (reading 'apply')
    at e.<computed> (/home/astro/.vscode-oss/extensions/mads-hartmann.bash-ide-vscode-1.38.0-universal/node_modules/web-tree-sitter/tree-sitter.js:1:16465)
    at wasm://wasm/001ec906:wasm-function[21]:0x1ccf
    at e.<computed> (/home/astro/.vscode-oss/extensions/mads-hartmann.bash-ide-vscode-1.38.0-universal/node_modules/web-tree-sitter/tree-sitter.js:1:16465)
    at wasm://wasm/001ec906:wasm-function[19]:0x17aa
    at wasm://wasm/000b627a:wasm-function[234]:0x25842
    at Module._ts_parser_parse_wasm (/home/astro/.vscode-oss/extensions/mads-hartmann.bash-ide-vscode-1.38.0-universal/node_modules/web-tree-sitter/tree-sitter.js:1:33493)
    at Parser.parse (/home/astro/.vscode-oss/extensions/mads-hartmann.bash-ide-vscode-1.38.0-universal/node_modules/web-tree-sitter/tree-sitter.js:1:53325)
    at Analyzer.analyze (/home/astro/.vscode-oss/extensions/mads-hartmann.bash-ide-vscode-1.38.0-universal/node_modules/bash-language-server/out/analyser.js:47:34)
    at BashServer.<anonymous> (/home/astro/.vscode-oss/extensions/mads-hartmann.bash-ide-vscode-1.38.0-universal/node_modules/bash-language-server/out/server.js:241:45)
    at Generator.next (<anonymous>)
[Error - 12:00:59 PM] Unhandled Rejection at promise: [object Promise], reason: TypeError: Cannot read properties of undefined (reading 'apply')
    at e.<computed> (/home/astro/.vscode-oss/extensions/mads-hartmann.bash-ide-vscode-1.38.0-universal/node_modules/web-tree-sitter/tree-sitter.js:1:16465)
    at wasm://wasm/001ec906:wasm-function[21]:0x1ccf
    at e.<computed> (/home/astro/.vscode-oss/extensions/mads-hartmann.bash-ide-vscode-1.38.0-universal/node_modules/web-tree-sitter/tree-sitter.js:1:16465)
    at wasm://wasm/001ec906:wasm-function[19]:0x17aa
    at wasm://wasm/000b627a:wasm-function[234]:0x25842
    at Parser.parse (/home/astro/.vscode-oss/extensions/mads-hartmann.bash-ide-vscode-1.38.0-universal/node_modules/web-tree-sitter/tree-sitter.js:1:53325)
    at Analyzer.analyze (/home/astro/.vscode-oss/extensions/mads-hartmann.bash-ide-vscode-1.38.0-universal/node_modules/bash-language-server/out/analyser.js:47:34)
    at BashServer.<anonymous> (/home/astro/.vscode-oss/extensions/mads-hartmann.bash-ide-vscode-1.38.0-universal/node_modules/bash-language-server/out/server.js:241:45)
    at Generator.next (<anonymous>)
    at /home/astro/.vscode-oss/extensions/mads-hartmann.bash-ide-vscode-1.38.0-universal/node_modules/bash-language-server/out/server.js:8:71
[Error - 12:01:00 PM] Unhandled Rejection at promise: [object Promise], reason: TypeError: Cannot read properties of undefined (reading 'apply')
    at e.<computed> (/home/astro/.vscode-oss/extensions/mads-hartmann.bash-ide-vscode-1.38.0-universal/node_modules/web-tree-sitter/tree-sitter.js:1:16465)
    at wasm://wasm/001ec906:wasm-function[21]:0x1ccf
    at e.<computed> (/home/astro/.vscode-oss/extensions/mads-hartmann.bash-ide-vscode-1.38.0-universal/node_modules/web-tree-sitter/tree-sitter.js:1:16465)
    at wasm://wasm/001ec906:wasm-function[19]:0x17aa
    at wasm://wasm/000b627a:wasm-function[234]:0x25842
    at Parser.parse (/home/astro/.vscode-oss/extensions/mads-hartmann.bash-ide-vscode-1.38.0-universal/node_modules/web-tree-sitter/tree-sitter.js:1:53325)
    at Analyzer.analyze (/home/astro/.vscode-oss/extensions/mads-hartmann.bash-ide-vscode-1.38.0-universal/node_modules/bash-language-server/out/analyser.js:47:34)
    at BashServer.<anonymous> (/home/astro/.vscode-oss/extensions/mads-hartmann.bash-ide-vscode-1.38.0-universal/node_modules/bash-language-server/out/server.js:241:45)
    at Generator.next (<anonymous>)
    at /home/astro/.vscode-oss/extensions/mads-hartmann.bash-ide-vscode-1.38.0-universal/node_modules/bash-language-server/out/server.js:8:71
[Error - 12:01:00 PM] Unhandled Rejection at promise: [object Promise], reason: TypeError: Cannot read properties of undefined (reading 'apply')
    at e.<computed> (/home/astro/.vscode-oss/extensions/mads-hartmann.bash-ide-vscode-1.38.0-universal/node_modules/web-tree-sitter/tree-sitter.js:1:16465)
    at wasm://wasm/001ec906:wasm-function[21]:0x1ccf
    at e.<computed> (/home/astro/.vscode-oss/extensions/mads-hartmann.bash-ide-vscode-1.38.0-universal/node_modules/web-tree-sitter/tree-sitter.js:1:16465)
    at wasm://wasm/001ec906:wasm-function[19]:0x17aa
    at wasm://wasm/000b627a:wasm-function[234]:0x25842
    at Parser.parse (/home/astro/.vscode-oss/extensions/mads-hartmann.bash-ide-vscode-1.38.0-universal/node_modules/web-tree-sitter/tree-sitter.js:1:53325)
    at Analyzer.analyze (/home/astro/.vscode-oss/extensions/mads-hartmann.bash-ide-vscode-1.38.0-universal/node_modules/bash-language-server/out/analyser.js:47:34)
    at BashServer.<anonymous> (/home/astro/.vscode-oss/extensions/mads-hartmann.bash-ide-vscode-1.38.0-universal/node_modules/bash-language-server/out/server.js:241:45)
    at Generator.next (<anonymous>)
    at /home/astro/.vscode-oss/extensions/mads-hartmann.bash-ide-vscode-1.38.0-universal/node_modules/bash-language-server/out/server.js:8:71
[Error - 12:01:01 PM] Unhandled Rejection at promise: [object Promise], reason: TypeError: Cannot read properties of undefined (reading 'apply')
    at e.<computed> (/home/astro/.vscode-oss/extensions/mads-hartmann.bash-ide-vscode-1.38.0-universal/node_modules/web-tree-sitter/tree-sitter.js:1:16465)
    at wasm://wasm/001ec906:wasm-function[21]:0x1ccf
    at e.<computed> (/home/astro/.vscode-oss/extensions/mads-hartmann.bash-ide-vscode-1.38.0-universal/node_modules/web-tree-sitter/tree-sitter.js:1:16465)
    at wasm://wasm/001ec906:wasm-function[19]:0x17aa
    at wasm://wasm/000b627a:wasm-function[234]:0x25842
    at Parser.parse (/home/astro/.vscode-oss/extensions/mads-hartmann.bash-ide-vscode-1.38.0-universal/node_modules/web-tree-sitter/tree-sitter.js:1:53325)
    at Analyzer.analyze (/home/astro/.vscode-oss/extensions/mads-hartmann.bash-ide-vscode-1.38.0-universal/node_modules/bash-language-server/out/analyser.js:47:34)
    at BashServer.<anonymous> (/home/astro/.vscode-oss/extensions/mads-hartmann.bash-ide-vscode-1.38.0-universal/node_modules/bash-language-server/out/server.js:241:45)
    at Generator.next (<anonymous>)
    at /home/astro/.vscode-oss/extensions/mads-hartmann.bash-ide-vscode-1.38.0-universal/node_modules/bash-language-server/out/server.js:8:71
