2024-11-04 12:00:45.895 [info] Extension host with pid 166263 started
2024-11-04 12:00:46.041 [info] ExtensionService#_doActivateExtension vscode.emmet, startup: false, activationEvent: 'onLanguage'
2024-11-04 12:00:46.061 [info] ExtensionService#_doActivateExtension mads-hartmann.bash-ide-vscode, startup: false, activationEvent: 'onLanguage:shellscript'
2024-11-04 12:00:46.133 [info] ExtensionService#_doActivateExtension timonwong.shellcheck, startup: false, activationEvent: 'onLanguage:shellscript'
2024-11-04 12:00:46.564 [info] ExtensionService#_doActivateExtension vscode.git-base, startup: true, activationEvent: '*', root cause: vscode.git
2024-11-04 12:00:46.567 [info] ExtensionService#_doActivateExtension vscode.git, startup: true, activationEvent: '*'
2024-11-04 12:00:46.647 [info] ExtensionService#_doActivateExtension vscode.github, startup: true, activationEvent: '*'
2024-11-04 12:00:46.710 [info] Eager extensions activated
2024-11-04 12:00:46.738 [info] ExtensionService#_doActivateExtension vscode.debug-auto-launch, startup: false, activationEvent: 'onStartupFinished'
2024-11-04 12:00:46.740 [info] ExtensionService#_doActivateExtension vscode.merge-conflict, startup: false, activationEvent: 'onStartupFinished'
2024-11-04 12:00:46.756 [info] ExtensionService#_doActivateExtension Catppuccin.catppuccin-vsc, startup: false, activationEvent: 'onStartupFinished'
2024-11-04 12:00:46.760 [info] ExtensionService#_doActivateExtension Catppuccin.catppuccin-vsc-icons, startup: false, activationEvent: 'onStartupFinished'
2024-11-04 12:00:46.835 [info] ExtensionService#_doActivateExtension formulahendry.code-runner, startup: false, activationEvent: 'onStartupFinished'
2024-11-04 12:00:46.883 [info] ExtensionService#_doActivateExtension vscode.configuration-editing, startup: false, activationEvent: 'onLanguage:jsonc'
2024-11-04 12:00:46.893 [info] ExtensionService#_doActivateExtension vscode.json-language-features, startup: false, activationEvent: 'onLanguage:jsonc'
2024-11-04 12:00:46.942 [info] ExtensionService#_doActivateExtension vscode.typescript-language-features, startup: false, activationEvent: 'onLanguage:jsonc'
2024-11-04 12:01:55.644 [info] Extension host terminating: renderer closed the MessagePort
2024-11-04 12:01:55.656 [error] An error occurred when deactivating the extension 'mads-hartmann.bash-ide-vscode':
2024-11-04 12:01:55.660 [error] TypeError: Cannot read properties of undefined (reading 'stop')
	at Object.deactivate (/home/astro/.vscode-oss/extensions/mads-hartmann.bash-ide-vscode-1.38.0-universal/out/extension.js:63:19)
	at z_.eb (file:///usr/lib/code/out/vs/workbench/api/node/extensionHostProcess.js:118:11724)
	at file:///usr/lib/code/out/vs/workbench/api/node/extensionHostProcess.js:118:9874
	at Array.map (<anonymous>)
	at z_.$ (file:///usr/lib/code/out/vs/workbench/api/node/extensionHostProcess.js:118:9862)
	at z_.terminate (file:///usr/lib/code/out/vs/workbench/api/node/extensionHostProcess.js:118:10105)
	at EC.terminate (file:///usr/lib/code/out/vs/workbench/api/node/extensionHostProcess.js:119:1424)
	at Zi (file:///usr/lib/code/out/vs/workbench/api/node/extensionHostProcess.js:174:15063)
	at MessagePortMain.<anonymous> (file:///usr/lib/code/out/vs/workbench/api/node/extensionHostProcess.js:174:11611)
	at MessagePortMain.emit (node:events:519:28)
	at MessagePortMain._internalPort.emit (node:electron/js2c/utility_init:2:2949)
2024-11-04 12:01:55.663 [info] Extension host with pid 166263 exiting with code 0
