2024-10-21 22:25:57,700 INFO [main.py:63] 

---- Application startup | version 2.1.0
2024-10-21 22:26:43,852 INFO [main.py:63] 

---- Application startup | version 2.1.0
2024-10-21 22:26:54,737 INFO [AppImageProvider.py:675] Exctracting with p7zip to /tmp/it.mijorus.gearlever/appimages/gearlever_14xy622zr9/squashfs-root
2024-10-21 22:26:56,258 INFO [AppImageProvider.py:263] Installing appimage: /home/astro/Downloads/Vesktop-1.5.3.AppImage
2024-10-21 22:26:56,322 INFO [AppImageProvider.py:437] Deleting original appimage file from: /home/astro/Downloads/Vesktop-1.5.3.AppImage
2024-10-26 00:25:30,323 INFO [main.py:63] 

---- Application startup | version 2.1.0
2024-10-26 00:26:28,179 INFO [main.py:63] 

---- Application startup | version 2.1.0
2024-10-26 00:27:03,267 INFO [main.py:63] 

---- Application startup | version 2.1.0
2024-10-26 00:27:46,194 INFO [main.py:63] 

---- Application startup | version 2.1.0
2024-10-26 00:28:57,083 INFO [main.py:63] 

---- Application startup | version 2.1.0
2024-10-26 00:29:02,531 INFO [main.py:63] 

---- Application startup | version 2.1.0
2024-10-26 00:29:08,590 INFO [main.py:63] 

---- Application startup | version 2.1.0
2024-10-26 00:29:33,529 INFO [main.py:63] 

---- Application startup | version 2.1.0
2024-10-26 00:29:39,094 INFO [main.py:63] 

---- Application startup | version 2.1.0
2024-10-26 00:31:43,971 INFO [main.py:63] 

---- Application startup | version 2.1.0
2024-10-26 00:32:50,278 INFO [main.py:63] 

---- Application startup | version 2.1.0
2024-10-26 00:33:01,674 INFO [main.py:63] 

---- Application startup | version 2.1.0
2024-10-26 00:33:10,733 INFO [main.py:63] 
