[Message:   BepInEx] BepInEx 5.4.23.2 - Subnautica (5/26/2022 12:27:04 PM)
[Info   :   BepInEx] Running under Unity v2019.4.36.870
[Info   :   BepInEx] CLR runtime version: 4.0.30319.42000
[Info   :   BepInEx] Supports SRE: True
[Info   :   BepInEx] System platform: Bits64, Windows
[Message:   BepInEx] Preloader started
[Info   :   BepInEx] Loaded 1 patcher method from [BepInEx.Preloader 5.4.23.2]
[Info   :   BepInEx] Loaded 1 patcher method from [Tobey.BepInEx.Timestamp 1.0.0.0]
[Info   :   BepInEx] Loaded 1 patcher method from [Tobey.Subnautica.ConfigHandler.Patcher 1.0.2.0]
[Info   :   BepInEx] Loaded 1 patcher method from [Tobey.UnityAudio.Patcher 2.0.3.0]
[Info   :   BepInEx] 4 patcher plugins loaded
[Message: Timestamp] It is currently Mon, 04 Nov 2024 12:20:23 GMT according to http://google.com
[Info   :Legacy Config Handler] Applying override mode: Default
[Info   :   BepInEx] Patching [UnityEngine.CoreModule] with [BepInEx.Chainloader]
[Info   :Unity Audio Patcher] Enabling Unity Audio...
[Info   :Unity Audio Patcher] Unity Audio is already enabled, skipping patching.
[Message:   BepInEx] Preloader finished
[Message:   BepInEx] Chainloader ready
[Message:   BepInEx] Chainloader started
[Info   :   BepInEx] 3 plugins to load
[Info   :   BepInEx] Loading [File Tree 1.0.1]
[Info   :   BepInEx] Loading [Subnautica Config Handler 1.0.2]
[Info   :   BepInEx] Loading [Unity Audio Patcher 2.0.3]
[Message:   BepInEx] Chainloader startup complete
[Error  : Unity Log] XR: OpenVR Error! OpenVR failed initialization with error code VRInitError_Init_PathRegistryNotFound: "Installation path could not be located (110)"!
[Warning: Unity Log] AssetBundle.Unload was called while the asset bundle had an async load operation in progress. The main thread will wait for the async load operation to complete.
[Error  : Unity Log] AssetBundle.Unload could not complete because the asset bundle still has an async load operation in progress.
